<?xml version="1.0" encoding="UTF-8"?>
<testng-results skipped="0" failed="0" ignored="0" total="1" passed="1">
  <reporter-output>
  </reporter-output>
  <suite name="Default suite" duration-ms="8428" started-at="2021-08-31T20:36:08 IST" finished-at="2021-08-31T20:36:16 IST">
    <groups>
    </groups>
    <test name="Default test" duration-ms="8428" started-at="2021-08-31T20:36:08 IST" finished-at="2021-08-31T20:36:16 IST">
      <class name="selenium.Demoselenium">
        <test-method status="PASS" signature="test()[pri:0, instance:selenium.Demoselenium@6737fd8f]" name="test" duration-ms="8384" started-at="2021-08-31T20:36:08 IST" finished-at="2021-08-31T20:36:16 IST">
          <reporter-output>
          </reporter-output>
        </test-method> <!-- test -->
      </class> <!-- selenium.Demoselenium -->
    </test> <!-- Default test -->
  </suite> <!-- Default suite -->
</testng-results>
